#
# There is insufficient memory for the Java Runtime Environment to continue.
# Native memory allocation (malloc) failed to allocate 1139376 bytes for Chunk::new
# Possible reasons:
#   The system is out of physical RAM or swap space
#   In 32 bit mode, the process size limit was hit
# Possible solutions:
#   Reduce memory load on the system
#   Increase physical memory or swap space
#   Check if swap backing store is full
#   Use 64 bit Java on a 64 bit OS
#   Decrease Java heap size (-Xmx/-Xms)
#   Decrease number of Java threads
#   Decrease Java thread stack sizes (-Xss)
#   Set larger code cache with -XX:ReservedCodeCacheSize=
# This output file may be truncated or incomplete.
#
#  Out of Memory Error (allocation.cpp:390), pid=20292, tid=0x0000000000002c1c
#
# JRE version: OpenJDK Runtime Environment (8.0_152-b02) (build 1.8.0_152-release-1024-b02)
# Java VM: OpenJDK 64-Bit Server VM (25.152-b02 mixed mode windows-amd64 compressed oops)
# Failed to write core dump. Minidumps are not enabled by default on client versions of Windows
#

---------------  T H R E A D  ---------------

Current thread (0x00000000164ed800):  JavaThread "C2 CompilerThread1" daemon [_thread_in_native, id=11292, stack(0x0000000017ee0000,0x0000000017fe0000)]

Stack: [0x0000000017ee0000,0x0000000017fe0000]
[error occurred during error reporting (printing stack bounds), id 0xc0000005]

Native frames: (J=compiled Java code, j=interpreted, Vv=VM code, C=native code)


Current CompileTask:
C2:3174392 13813       4       org.gradle.api.internal.project.taskfactory.DefaultTaskClassValidatorExtractor::createProperty (71 bytes)


---------------  P R O C E S S  ---------------

Java Threads: ( => current thread )
  0x000000001b7f9800 JavaThread "build operations Thread 4" [_thread_blocked, id=13168, stack(0x000000002b7d0000,0x000000002b8d0000)]
  0x000000001b7f6800 JavaThread "build operations Thread 3" [_thread_blocked, id=14736, stack(0x000000002b6d0000,0x000000002b7d0000)]
  0x000000001b7fa000 JavaThread "build operations Thread 2" [_thread_blocked, id=1240, stack(0x000000002b5d0000,0x000000002b6d0000)]
  0x000000001b7fc800 JavaThread "build operations" [_thread_blocked, id=25352, stack(0x000000002b4d0000,0x000000002b5d0000)]
  0x000000001b7ee000 JavaThread "Cache worker for Artifact transforms cache (C:\Users\18307\.gradle\caches\transforms-1)" [_thread_blocked, id=14160, stack(0x000000002b3d0000,0x000000002b4d0000)]
  0x000000001b7f5000 JavaThread "Cache worker for file hash cache (D:\app\CrazyAndroid\.gradle\4.4\fileHashes)" [_thread_blocked, id=20644, stack(0x000000002b2d0000,0x000000002b3d0000)]
  0x000000001b7f4000 JavaThread "Stdin handler" [_thread_blocked, id=24172, stack(0x000000002b1d0000,0x000000002b2d0000)]
  0x000000001b7f0800 JavaThread "Asynchronous log dispatcher for DefaultDaemonConnection: socket connection from /127.0.0.1:63509 to /127.0.0.1:58212" [_thread_blocked, id=18008, stack(0x000000002b0d0000,0x000000002b1d0000)]
  0x000000001b7ef800 JavaThread "Daemon worker Thread 4" [_thread_in_vm, id=9528, stack(0x000000002afd0000,0x000000002b0d0000)]
  0x000000001b7f2000 JavaThread "Cancel handler" [_thread_blocked, id=5384, stack(0x000000002aed0000,0x000000002afd0000)]
  0x000000001b7f2800 JavaThread "Handler for socket connection from /127.0.0.1:63509 to /127.0.0.1:58212" [_thread_in_native, id=5900, stack(0x000000002add0000,0x000000002aed0000)]
  0x000000001b7f1000 JavaThread "Daemon Thread 4" [_thread_blocked, id=10992, stack(0x000000002acd0000,0x000000002add0000)]
  0x000000001b7f3800 JavaThread "RMI Reaper" [_thread_blocked, id=21264, stack(0x000000002a8d0000,0x000000002a9d0000)]
  0x000000001b7ef000 JavaThread "RMI TCP Accept-0" daemon [_thread_in_native, id=16700, stack(0x000000002a7d0000,0x000000002a8d0000)]
  0x0000000019303000 JavaThread "GC Daemon" daemon [_thread_blocked, id=17284, stack(0x000000002a6d0000,0x000000002a7d0000)]
  0x000000001b04c800 JavaThread "RMI RenewClean-[localhost:17990,org.jetbrains.kotlin.daemon.common.LoopbackNetworkInterface$ClientLoopbackSocketFactory@1ea7eb37]" daemon [_thread_blocked, id=23428, stack(0x000000002a5d0000,0x000000002a6d0000)]
  0x000000001b04b000 JavaThread "RMI Scheduler(0)" daemon [_thread_blocked, id=18668, stack(0x000000002a4d0000,0x000000002a5d0000)]
  0x0000000019305800 JavaThread "Memory manager" [_thread_blocked, id=23612, stack(0x000000001f8f0000,0x000000001f9f0000)]
  0x0000000019302800 JavaThread "pool-1-thread-1" [_thread_blocked, id=20304, stack(0x000000001f5f0000,0x000000001f6f0000)]
  0x000000001983d800 JavaThread "File lock request listener" [_thread_in_native, id=14908, stack(0x000000001aa60000,0x000000001ab60000)]
  0x00000000192b4000 JavaThread "Cache worker for file hash cache (C:\Users\18307\.gradle\caches\4.4\fileHashes)" [_thread_blocked, id=20976, stack(0x000000001a960000,0x000000001aa60000)]
  0x00000000191ff000 JavaThread "Daemon periodic checks" [_thread_blocked, id=11432, stack(0x0000000019e60000,0x0000000019f60000)]
  0x00000000179a1800 JavaThread "Incoming local TCP Connector on port 63509" [_thread_in_native, id=25028, stack(0x0000000019cb0000,0x0000000019db0000)]
  0x0000000017863000 JavaThread "Service Thread" daemon [_thread_blocked, id=6384, stack(0x00000000180e0000,0x00000000181e0000)]
  0x0000000017812800 JavaThread "C1 CompilerThread2" daemon [_thread_blocked, id=24164, stack(0x0000000017fe0000,0x00000000180e0000)]
=>0x00000000164ed800 JavaThread "C2 CompilerThread1" daemon [_thread_in_native, id=11292, stack(0x0000000017ee0000,0x0000000017fe0000)]
  0x00000000164eb800 JavaThread "C2 CompilerThread0" daemon [_thread_blocked, id=13736, stack(0x0000000017de0000,0x0000000017ee0000)]
  0x00000000164e9000 JavaThread "Attach Listener" daemon [_thread_blocked, id=15052, stack(0x0000000017ce0000,0x0000000017de0000)]
  0x000000001649e000 JavaThread "Signal Dispatcher" daemon [_thread_blocked, id=9300, stack(0x0000000017be0000,0x0000000017ce0000)]
  0x0000000002b1d800 JavaThread "Finalizer" daemon [_thread_blocked, id=14064, stack(0x00000000176e0000,0x00000000177e0000)]
  0x0000000002b12000 JavaThread "Reference Handler" daemon [_thread_blocked, id=3572, stack(0x00000000175e0000,0x00000000176e0000)]
  0x0000000002a1e000 JavaThread "main" [_thread_blocked, id=11060, stack(0x0000000002900000,0x0000000002a00000)]

Other Threads:
  0x0000000016455000 VMThread [stack: 0x00000000174e0000,0x00000000175e0000] [id=24632]
  0x0000000017864000 WatcherThread [stack: 0x00000000181e0000,0x00000000182e0000] [id=3020]

VM state:not at safepoint (normal execution)

VM Mutex/Monitor currently owned by a thread: None

Heap:
 PSYoungGen      total 163328K, used 54139K [0x00000000e0000000, 0x00000000ec200000, 0x0000000100000000)
  eden space 144896K, 31% used [0x00000000e0000000,0x00000000e2d26f68,0x00000000e8d80000)
  from space 18432K, 42% used [0x00000000e8d80000,0x00000000e9538070,0x00000000e9f80000)
  to   space 17408K, 0% used [0x00000000eb100000,0x00000000eb100000,0x00000000ec200000)
 ParOldGen       total 88064K, used 72605K [0x00000000a0000000, 0x00000000a5600000, 0x00000000e0000000)
  object space 88064K, 82% used [0x00000000a0000000,0x00000000a46e7598,0x00000000a5600000)
 Metaspace       used 77738K, capacity 81115K, committed 81368K, reserved 1120256K
  class space    used 10163K, capacity 10940K, committed 11008K, reserved 1048576K

Card table byte_map: [0x0000000011ee0000,0x00000000121f0000] byte_map_base: 0x00000000119e0000

Marking Bits: (ParMarkBitMap*) 0x0000000061d84970
 Begin Bits: [0x00000000127f0000, 0x0000000013ff0000)
 End Bits:   [0x0000000013ff0000, 0x00000000157f0000)

Polling page: 0x00000000003f0000

CodeCache: size=245760Kb used=38114Kb max_used=39125Kb free=207645Kb
 bounds [0x0000000002b20000, 0x00000000051c0000, 0x0000000011b20000]
 total_blobs=12053 nmethods=11207 adapters=759
 compilation: enabled

Compilation events (10 events):
Event: 3173.160 Thread 0x0000000017812800 nmethod 13840 0x0000000002ef6a50 code [0x0000000002ef6be0, 0x0000000002ef6eb8]
Event: 3173.161 Thread 0x00000000164eb800 nmethod 13837 0x0000000003ad0dd0 code [0x0000000003ad0f80, 0x0000000003ad1928]
Event: 3173.167 Thread 0x0000000017812800 13841       1       org.jetbrains.kotlin.gradle.plugin.SubpluginOption::getValue (5 bytes)
Event: 3173.167 Thread 0x0000000017812800 nmethod 13841 0x0000000005109110 code [0x0000000005109260, 0x0000000005109370]
Event: 3173.273 Thread 0x0000000017812800 13842       3       org.jetbrains.kotlin.gradle.plugin.GradleUtilsKt::kotlinDebug (38 bytes)
Event: 3173.275 Thread 0x0000000017812800 nmethod 13842 0x0000000004099950 code [0x0000000004099b60, 0x000000000409a4b8]
Event: 3173.286 Thread 0x0000000017812800 13843       3       org.gradle.api.internal.plugins.DefaultPluginContainer::findPlugin (49 bytes)
Event: 3173.289 Thread 0x0000000017812800 nmethod 13843 0x000000000339f050 code [0x000000000339f2c0, 0x00000000033a0518]
Event: 3173.289 Thread 0x0000000017812800 13844       3       com.sun.org.apache.xerces.internal.dom.DeferredDocumentImpl::getNodeObject (510 bytes)
Event: 3173.301 Thread 0x0000000017812800 nmethod 13844 0x0000000004fd0350 code [0x0000000004fd0840, 0x0000000004fd3a28]

GC Heap History (10 events):
Event: 178.657 GC heap before
{Heap before GC invocations=24 (full 3):
 PSYoungGen      total 148480K, used 138938K [0x00000000e0000000, 0x00000000ea180000, 0x0000000100000000)
  eden space 131584K, 100% used [0x00000000e0000000,0x00000000e8080000,0x00000000e8080000)
  from space 16896K, 43% used [0x00000000e9100000,0x00000000e982e9d0,0x00000000ea180000)
  to   space 16896K, 0% used [0x00000000e8080000,0x00000000e8080000,0x00000000e9100000)
 ParOldGen       total 88064K, used 55925K [0x00000000a0000000, 0x00000000a5600000, 0x00000000e0000000)
  object space 88064K, 63% used [0x00000000a0000000,0x00000000a369d530,0x00000000a5600000)
 Metaspace       used 71146K, capacity 73715K, committed 73944K, reserved 1114112K
  class space    used 9352K, capacity 9961K, committed 9984K, reserved 1048576K
Event: 179.048 GC heap after
Heap after GC invocations=24 (full 3):
 PSYoungGen      total 148480K, used 16888K [0x00000000e0000000, 0x00000000ebc80000, 0x0000000100000000)
  eden space 131584K, 0% used [0x00000000e0000000,0x00000000e0000000,0x00000000e8080000)
  from space 16896K, 99% used [0x00000000e8080000,0x00000000e90fe0f8,0x00000000e9100000)
  to   space 20480K, 0% used [0x00000000ea880000,0x00000000ea880000,0x00000000ebc80000)
 ParOldGen       total 88064K, used 58744K [0x00000000a0000000, 0x00000000a5600000, 0x00000000e0000000)
  object space 88064K, 66% used [0x00000000a0000000,0x00000000a395e058,0x00000000a5600000)
 Metaspace       used 71146K, capacity 73715K, committed 73944K, reserved 1114112K
  class space    used 9352K, capacity 9961K, committed 9984K, reserved 1048576K
}
Event: 522.276 GC heap before
{Heap before GC invocations=25 (full 3):
 PSYoungGen      total 148480K, used 148472K [0x00000000e0000000, 0x00000000ebc80000, 0x0000000100000000)
  eden space 131584K, 100% used [0x00000000e0000000,0x00000000e8080000,0x00000000e8080000)
  from space 16896K, 99% used [0x00000000e8080000,0x00000000e90fe0f8,0x00000000e9100000)
  to   space 20480K, 0% used [0x00000000ea880000,0x00000000ea880000,0x00000000ebc80000)
 ParOldGen       total 88064K, used 58744K [0x00000000a0000000, 0x00000000a5600000, 0x00000000e0000000)
  object space 88064K, 66% used [0x00000000a0000000,0x00000000a395e058,0x00000000a5600000)
 Metaspace       used 73327K, capacity 76179K, committed 76376K, reserved 1116160K
  class space    used 9625K, capacity 10258K, committed 10368K, reserved 1048576K
Event: 523.281 GC heap after
Heap after GC invocations=25 (full 3):
 PSYoungGen      total 165376K, used 8562K [0x00000000e0000000, 0x00000000eb800000, 0x0000000100000000)
  eden space 149504K, 0% used [0x00000000e0000000,0x00000000e0000000,0x00000000e9200000)
  from space 15872K, 53% used [0x00000000ea880000,0x00000000eb0dca98,0x00000000eb800000)
  to   space 19456K, 0% used [0x00000000e9200000,0x00000000e9200000,0x00000000ea500000)
 ParOldGen       total 88064K, used 72581K [0x00000000a0000000, 0x00000000a5600000, 0x00000000e0000000)
  object space 88064K, 82% used [0x00000000a0000000,0x00000000a46e1598,0x00000000a5600000)
 Metaspace       used 73327K, capacity 76179K, committed 76376K, reserved 1116160K
  class space    used 9625K, capacity 10258K, committed 10368K, reserved 1048576K
}
Event: 2888.611 GC heap before
{Heap before GC invocations=26 (full 3):
 PSYoungGen      total 165376K, used 158066K [0x00000000e0000000, 0x00000000eb800000, 0x0000000100000000)
  eden space 149504K, 100% used [0x00000000e0000000,0x00000000e9200000,0x00000000e9200000)
  from space 15872K, 53% used [0x00000000ea880000,0x00000000eb0dca98,0x00000000eb800000)
  to   space 19456K, 0% used [0x00000000e9200000,0x00000000e9200000,0x00000000ea500000)
 ParOldGen       total 88064K, used 72581K [0x00000000a0000000, 0x00000000a5600000, 0x00000000e0000000)
  object space 88064K, 82% used [0x00000000a0000000,0x00000000a46e1598,0x00000000a5600000)
 Metaspace       used 74500K, capacity 77705K, committed 77784K, reserved 1116160K
  class space    used 9755K, capacity 10467K, committed 10496K, reserved 1048576K
Event: 2889.358 GC heap after
Heap after GC invocations=26 (full 3):
 PSYoungGen      total 148480K, used 4096K [0x00000000e0000000, 0x00000000eb280000, 0x0000000100000000)
  eden space 143872K, 0% used [0x00000000e0000000,0x00000000e0000000,0x00000000e8c80000)
  from space 4608K, 88% used [0x00000000e9200000,0x00000000e9600020,0x00000000e9680000)
  to   space 19456K, 0% used [0x00000000e9f80000,0x00000000e9f80000,0x00000000eb280000)
 ParOldGen       total 88064K, used 72589K [0x00000000a0000000, 0x00000000a5600000, 0x00000000e0000000)
  object space 88064K, 82% used [0x00000000a0000000,0x00000000a46e3598,0x00000000a5600000)
 Metaspace       used 74500K, capacity 77705K, committed 77784K, reserved 1116160K
  class space    used 9755K, capacity 10467K, committed 10496K, reserved 1048576K
}
Event: 2922.607 GC heap before
{Heap before GC invocations=27 (full 3):
 PSYoungGen      total 148480K, used 147968K [0x00000000e0000000, 0x00000000eb280000, 0x0000000100000000)
  eden space 143872K, 100% used [0x00000000e0000000,0x00000000e8c80000,0x00000000e8c80000)
  from space 4608K, 88% used [0x00000000e9200000,0x00000000e9600020,0x00000000e9680000)
  to   space 19456K, 0% used [0x00000000e9f80000,0x00000000e9f80000,0x00000000eb280000)
 ParOldGen       total 88064K, used 72589K [0x00000000a0000000, 0x00000000a5600000, 0x00000000e0000000)
  object space 88064K, 82% used [0x00000000a0000000,0x00000000a46e3598,0x00000000a5600000)
 Metaspace       used 75105K, capacity 78399K, committed 78680K, reserved 1118208K
  class space    used 9810K, capacity 10540K, committed 10624K, reserved 1048576K
Event: 2923.676 GC heap after
Heap after GC invocations=27 (full 3):
 PSYoungGen      total 164352K, used 8832K [0x00000000e0000000, 0x00000000ec800000, 0x0000000100000000)
  eden space 144896K, 0% used [0x00000000e0000000,0x00000000e0000000,0x00000000e8d80000)
  from space 19456K, 45% used [0x00000000e9f80000,0x00000000ea820050,0x00000000eb280000)
  to   space 18432K, 0% used [0x00000000e8d80000,0x00000000e8d80000,0x00000000e9f80000)
 ParOldGen       total 88064K, used 72597K [0x00000000a0000000, 0x00000000a5600000, 0x00000000e0000000)
  object space 88064K, 82% used [0x00000000a0000000,0x00000000a46e5598,0x00000000a5600000)
 Metaspace       used 75105K, capacity 78399K, committed 78680K, reserved 1118208K
  class space    used 9810K, capacity 10540K, committed 10624K, reserved 1048576K
}
Event: 2942.669 GC heap before
{Heap before GC invocations=28 (full 3):
 PSYoungGen      total 164352K, used 153728K [0x00000000e0000000, 0x00000000ec800000, 0x0000000100000000)
  eden space 144896K, 100% used [0x00000000e0000000,0x00000000e8d80000,0x00000000e8d80000)
  from space 19456K, 45% used [0x00000000e9f80000,0x00000000ea820050,0x00000000eb280000)
  to   space 18432K, 0% used [0x00000000e8d80000,0x00000000e8d80000,0x00000000e9f80000)
 ParOldGen       total 88064K, used 72597K [0x00000000a0000000, 0x00000000a5600000, 0x00000000e0000000)
  object space 88064K, 82% used [0x00000000a0000000,0x00000000a46e5598,0x00000000a5600000)
 Metaspace       used 75740K, capacity 78975K, committed 79192K, reserved 1118208K
  class space    used 9871K, capacity 10604K, committed 10624K, reserved 1048576K
Event: 2943.002 GC heap after
Heap after GC invocations=28 (full 3):
 PSYoungGen      total 163328K, used 7904K [0x00000000e0000000, 0x00000000ec200000, 0x0000000100000000)
  eden space 144896K, 0% used [0x00000000e0000000,0x00000000e0000000,0x00000000e8d80000)
  from space 18432K, 42% used [0x00000000e8d80000,0x00000000e9538070,0x00000000e9f80000)
  to   space 17408K, 0% used [0x00000000eb100000,0x00000000eb100000,0x00000000ec200000)
 ParOldGen       total 88064K, used 72605K [0x00000000a0000000, 0x00000000a5600000, 0x00000000e0000000)
  object space 88064K, 82% used [0x00000000a0000000,0x00000000a46e7598,0x00000000a5600000)
 Metaspace       used 75740K, capacity 78975K, committed 79192K, reserved 1118208K
  class space    used 9871K, capacity 10604K, committed 10624K, reserved 1048576K
}

Deoptimization events (10 events):
Event: 2976.313 Thread 0x00000000192fe800 Uncommon trap: reason=unstable_if action=reinterpret pc=0x00000000049492a8 method=java.io.ObjectOutputStream.writeObject0(Ljava/lang/Object;Z)V @ 248
Event: 3149.696 Thread 0x000000001b7ef800 Uncommon trap: reason=unstable_if action=reinterpret pc=0x00000000043ab5a8 method=java.lang.ref.SoftReference.get()Ljava/lang/Object; @ 6
Event: 3149.704 Thread 0x000000001b7ef800 Uncommon trap: reason=unstable_if action=reinterpret pc=0x000000000313f9a8 method=java.lang.ref.SoftReference.get()Ljava/lang/Object; @ 6
Event: 3149.816 Thread 0x000000001b7ef800 Uncommon trap: reason=unstable_if action=reinterpret pc=0x0000000002ee1a74 method=java.lang.ref.SoftReference.get()Ljava/lang/Object; @ 6
Event: 3169.682 Thread 0x000000001b7ef800 Uncommon trap: reason=unstable_if action=reinterpret pc=0x0000000004f4e07c method=com.google.common.collect.AbstractMapBasedMultimap.wrapCollection(Ljava/lang/Object;Ljava/util/Collection;)Ljava/util/Collection; @ 4
Event: 3170.768 Thread 0x000000001b7ef800 Uncommon trap: reason=class_check action=maybe_recompile pc=0x0000000004561380 method=java.util.ComparableTimSort.mergeHi(IIII)V @ 214
Event: 3170.880 Thread 0x000000001b7ef800 Uncommon trap: reason=class_check action=maybe_recompile pc=0x0000000004561380 method=java.util.ComparableTimSort.mergeHi(IIII)V @ 214
Event: 3170.881 Thread 0x000000001b7ef800 Uncommon trap: reason=class_check action=maybe_recompile pc=0x0000000004561380 method=java.util.ComparableTimSort.mergeHi(IIII)V @ 214
Event: 3171.096 Thread 0x000000001b7ef800 Uncommon trap: reason=class_check action=maybe_recompile pc=0x0000000004561380 method=java.util.ComparableTimSort.mergeHi(IIII)V @ 214
Event: 3173.149 Thread 0x000000001b7ef800 Uncommon trap: reason=unstable_if action=reinterpret pc=0x0000000004f2f494 method=com.sun.org.apache.xerces.internal.dom.DeferredDocumentImpl.getNodeObject(I)Lcom/sun/org/apache/xerces/internal/dom/DeferredNode; @ 252

Classes redefined (0 events):
No events

Internal exceptions (10 events):
Event: 3169.237 Thread 0x000000001b7ef800 Exception <a 'sun/nio/fs/WindowsException'> (0x00000000e255ad38) thrown at [D:\src\AOSP-openjdk-cygwin\jdk8u\hotspot\src\share\vm\prims\jni.cpp, line 709]
Event: 3169.237 Thread 0x000000001b7ef800 Exception <a 'sun/nio/fs/WindowsException'> (0x00000000e255b9f8) thrown at [D:\src\AOSP-openjdk-cygwin\jdk8u\hotspot\src\share\vm\prims\jni.cpp, line 709]
Event: 3169.249 Thread 0x000000001b7ef800 Exception <a 'sun/nio/fs/WindowsException'> (0x00000000e255e430) thrown at [D:\src\AOSP-openjdk-cygwin\jdk8u\hotspot\src\share\vm\prims\jni.cpp, line 709]
Event: 3169.250 Thread 0x000000001b7ef800 Exception <a 'sun/nio/fs/WindowsException'> (0x00000000e255f010) thrown at [D:\src\AOSP-openjdk-cygwin\jdk8u\hotspot\src\share\vm\prims\jni.cpp, line 709]
Event: 3169.304 Thread 0x000000001b7ef800 Exception <a 'sun/nio/fs/WindowsException'> (0x00000000e2560c28) thrown at [D:\src\AOSP-openjdk-cygwin\jdk8u\hotspot\src\share\vm\prims\jni.cpp, line 709]
Event: 3169.305 Thread 0x000000001b7ef800 Exception <a 'sun/nio/fs/WindowsException'> (0x00000000e2561848) thrown at [D:\src\AOSP-openjdk-cygwin\jdk8u\hotspot\src\share\vm\prims\jni.cpp, line 709]
Event: 3169.314 Thread 0x000000001b7ef800 Exception <a 'sun/nio/fs/WindowsException'> (0x00000000e2564490) thrown at [D:\src\AOSP-openjdk-cygwin\jdk8u\hotspot\src\share\vm\prims\jni.cpp, line 709]
Event: 3169.315 Thread 0x000000001b7ef800 Exception <a 'sun/nio/fs/WindowsException'> (0x00000000e2565150) thrown at [D:\src\AOSP-openjdk-cygwin\jdk8u\hotspot\src\share\vm\prims\jni.cpp, line 709]
Event: 3169.345 Thread 0x000000001b7ef800 Exception <a 'sun/nio/fs/WindowsException'> (0x00000000e2566e58) thrown at [D:\src\AOSP-openjdk-cygwin\jdk8u\hotspot\src\share\vm\prims\jni.cpp, line 709]
Event: 3169.376 Thread 0x000000001b7ef800 Exception <a 'sun/nio/fs/WindowsException'> (0x00000000e2567b50) thrown at [D:\src\AOSP-openjdk-cygwin\jdk8u\hotspot\src\share\vm\prims\jni.cpp, line 709]

Events (10 events):
Event: 3172.833 Thread 0x00000000164eb800 flushing nmethod 0x0000000004b8cad0
Event: 3172.833 Thread 0x00000000164eb800 flushing nmethod 0x0000000004ba1250
Event: 3172.837 Thread 0x0000000017812800 flushing nmethod 0x00000000050d6490
Event: 3172.838 Thread 0x0000000017812800 flushing nmethod 0x000000000516ef50
Event: 3172.838 Thread 0x0000000017812800 flushing nmethod 0x000000000518bcd0
Event: 3173.149 Thread 0x000000001b7ef800 Uncommon trap: trap_request=0xffffff65 fr.pc=0x0000000004f2f494
Event: 3173.149 Thread 0x000000001b7ef800 DEOPT PACKING pc=0x0000000004f2f494 sp=0x000000002b0cc120
Event: 3173.149 Thread 0x000000001b7ef800 DEOPT UNPACKING pc=0x0000000002b6557b sp=0x000000002b0cc0a8 mode 2
Event: 3173.275 Thread 0x000000001b7ef800 DEOPT PACKING pc=0x0000000002cfe422 sp=0x000000002b0cc150
Event: 3173.275 Thread 0x000000001b7ef800 DEOPT UNPACKING pc=0x0000000002b671d0 sp=0x000000002b0cbeb8 mode 0


Dynamic libraries:
0x00007ff6e1ca0000 - 0x00007ff6e1cd1000 	D:\app制作\add-ons\jre\bin\java.exe
0x00007ffef7990000 - 0x00007ffef7b71000 	C:\WINDOWS\SYSTEM32\ntdll.dll
0x00007ffef51c0000 - 0x00007ffef5272000 	C:\WINDOWS\System32\KERNEL32.DLL
0x00007ffef3d60000 - 0x00007ffef3fd3000 	C:\WINDOWS\System32\KERNELBASE.dll
0x00007ffef5a30000 - 0x00007ffef5ad1000 	C:\WINDOWS\System32\ADVAPI32.dll
0x00007ffef4e30000 - 0x00007ffef4ece000 	C:\WINDOWS\System32\msvcrt.dll
0x00007ffef5280000 - 0x00007ffef52db000 	C:\WINDOWS\System32\sechost.dll
0x00007ffef5900000 - 0x00007ffef5a24000 	C:\WINDOWS\System32\RPCRT4.dll
0x00007ffef5ca0000 - 0x00007ffef5e30000 	C:\WINDOWS\System32\USER32.dll
0x00007ffef4520000 - 0x00007ffef4540000 	C:\WINDOWS\System32\win32u.dll
0x00007ffef6490000 - 0x00007ffef64b8000 	C:\WINDOWS\System32\GDI32.dll
0x00007ffef4280000 - 0x00007ffef4412000 	C:\WINDOWS\System32\gdi32full.dll
0x00007ffef4d80000 - 0x00007ffef4e1f000 	C:\WINDOWS\System32\msvcp_win.dll
0x00007ffef4420000 - 0x00007ffef451a000 	C:\WINDOWS\System32\ucrtbase.dll
0x00007ffee7460000 - 0x00007ffee76c9000 	C:\WINDOWS\WinSxS\amd64_microsoft.windows.common-controls_6595b64144ccf1df_6.0.17134.523_none_fb409dd930672a56\COMCTL32.dll
0x00007ffef6090000 - 0x00007ffef63b2000 	C:\WINDOWS\System32\combase.dll
0x00007ffef4d00000 - 0x00007ffef4d7a000 	C:\WINDOWS\System32\bcryptPrimitives.dll
0x00007ffef50e0000 - 0x00007ffef510d000 	C:\WINDOWS\System32\IMM32.DLL
0x0000000062fa0000 - 0x0000000063072000 	D:\app制作\add-ons\jre\jre\bin\msvcr100.dll
0x00000000615c0000 - 0x0000000061dff000 	D:\app制作\add-ons\jre\jre\bin\server\jvm.dll
0x00007ffef5110000 - 0x00007ffef5118000 	C:\WINDOWS\System32\PSAPI.DLL
0x00007ffef2910000 - 0x00007ffef291a000 	C:\WINDOWS\SYSTEM32\VERSION.dll
0x00007ffef1c70000 - 0x00007ffef1c93000 	C:\WINDOWS\SYSTEM32\WINMM.dll
0x00007ffef2990000 - 0x00007ffef2999000 	C:\WINDOWS\SYSTEM32\WSOCK32.dll
0x00007ffef5b40000 - 0x00007ffef5bac000 	C:\WINDOWS\System32\WS2_32.dll
0x00007ffef1c40000 - 0x00007ffef1c6a000 	C:\WINDOWS\SYSTEM32\winmmbase.dll
0x00007ffef3fe0000 - 0x00007ffef4029000 	C:\WINDOWS\System32\cfgmgr32.dll
0x00007ffef2950000 - 0x00007ffef295f000 	D:\app制作\add-ons\jre\jre\bin\verify.dll
0x00007ffee69f0000 - 0x00007ffee6a19000 	D:\app制作\add-ons\jre\jre\bin\java.dll
0x00007ffef28a0000 - 0x00007ffef28b6000 	D:\app制作\add-ons\jre\jre\bin\zip.dll
0x00007ffef64c0000 - 0x00007ffef7900000 	C:\WINDOWS\System32\SHELL32.dll
0x00007ffef5030000 - 0x00007ffef50d9000 	C:\WINDOWS\System32\shcore.dll
0x00007ffef4540000 - 0x00007ffef4c4d000 	C:\WINDOWS\System32\windows.storage.dll
0x00007ffef7900000 - 0x00007ffef7951000 	C:\WINDOWS\System32\shlwapi.dll
0x00007ffef3d10000 - 0x00007ffef3d21000 	C:\WINDOWS\System32\kernel.appcore.dll
0x00007ffef3d40000 - 0x00007ffef3d5f000 	C:\WINDOWS\System32\profapi.dll
0x00007ffef3cc0000 - 0x00007ffef3d0c000 	C:\WINDOWS\System32\powrprof.dll
0x00007ffef3d30000 - 0x00007ffef3d3a000 	C:\WINDOWS\System32\FLTLIB.DLL
0x00007ffef1e10000 - 0x00007ffef1e2a000 	D:\app制作\add-ons\jre\jre\bin\net.dll
0x00007ffef34c0000 - 0x00007ffef3526000 	C:\WINDOWS\system32\mswsock.dll
0x00007ffef04f0000 - 0x00007ffef0501000 	D:\app制作\add-ons\jre\jre\bin\nio.dll
0x00007ffef1e50000 - 0x00007ffef1e6e000 	C:\Users\18307\.gradle\native\25\windows-amd64\native-platform.dll
0x00007ffef07e0000 - 0x00007ffef07ed000 	D:\app制作\add-ons\jre\jre\bin\management.dll
0x00007ffef3680000 - 0x00007ffef3697000 	C:\WINDOWS\SYSTEM32\CRYPTSP.dll
0x00007ffef30a0000 - 0x00007ffef30d3000 	C:\WINDOWS\system32\rsaenh.dll
0x00007ffef37a0000 - 0x00007ffef37c5000 	C:\WINDOWS\SYSTEM32\bcrypt.dll
0x00007ffef3ba0000 - 0x00007ffef3bc8000 	C:\WINDOWS\SYSTEM32\USERENV.dll
0x00007ffef3670000 - 0x00007ffef367b000 	C:\WINDOWS\SYSTEM32\CRYPTBASE.dll
0x00007ffef3240000 - 0x00007ffef3278000 	C:\WINDOWS\SYSTEM32\IPHLPAPI.DLL
0x00007ffef4e20000 - 0x00007ffef4e28000 	C:\WINDOWS\System32\NSI.dll
0x00007ffeecdc0000 - 0x00007ffeecdd6000 	C:\WINDOWS\SYSTEM32\dhcpcsvc6.DLL
0x00007ffeecda0000 - 0x00007ffeecdba000 	C:\WINDOWS\SYSTEM32\dhcpcsvc.DLL
0x00007ffee7070000 - 0x00007ffee708e000 	C:\Users\18307\AppData\Local\Temp\native-platform6769694948352838737dir\native-platform.dll

VM Arguments:
jvm_args: -Xmx1536m -Dfile.encoding=GBK -Duser.country=CN -Duser.language=zh -Duser.variant 
java_command: org.gradle.launcher.daemon.bootstrap.GradleDaemon 4.4
java_class_path (initial): C:\Users\18307\.gradle\wrapper\dists\gradle-4.4-all\9br9xq1tocpiv8o6njlyu5op1\gradle-4.4\lib\gradle-launcher-4.4.jar
Launcher Type: SUN_STANDARD

Environment Variables:
JAVA_HOME=C:\Program Files\Java\jdk1.8.0_172\
PATH=C:\Program Files\Java\jdk1.8.0_172\\bin;C:\ProgramData\Oracle\Java\javapath;C:\Program Files (x86)\Common Files\Oracle\Java\javapath;"d:\jdk15006\bin;.;C:\ProgramData\Oracle\Java\javapath";C:\WINDOWS\system32;C:\WINDOWS;C:\WINDOWS\System32\Wbem;C:\WINDOWS\System32\WindowsPowerShell\v1.0\;C:\Program Files\dotnet\;D:\project_of_luchuan\apache-maven-3.5.4\bin;C:\WINDOWS\System32\OpenSSH\ C:\Tomcat 8.0\bin;D:\mysql\mysql-5.7.23-winx64\bin;D:\IntelliJ IDEA 2018.1.5\Git\cmd;D:\Python;D:\Python\Scripts;C:\Program Files\MySQL\MySQL Utilities 1.6\;D:\Python27;D:\mysql\mysql-5.7.24-winx64\bin;C:\Program Files\VisualSVN Server\bin;C:\Program Files\TortoiseSVN\bin;C:\Users\18307\.gradle\wrapper\dists\gradle-4.4-all\9br9xq1tocpiv8o6njlyu5op1\gradle-4.4\bin;C:\Users\18307\AppData\Local\Android\Sdk\platform-tools;C:\apache-tomcat-9.0.13\bin;C:\Program Files\MongoDB\Server\4.0\bin;D:\Cracklock\Bin;C:\Users\18307\AppData\Local\Microsoft\WindowsApps;
USERNAME=18307
OS=Windows_NT
PROCESSOR_IDENTIFIER=AMD64 Family 21 Model 101 Stepping 1, AuthenticAMD



---------------  S Y S T E M  ---------------

OS: Windows 10.0 , 64 bit Build 17134 (10.0.17134.1)

CPU:total 4 (initial active 4) (4 cores per cpu, 1 threads per core) family 21 model 101 stepping 1, cmov, cx8, fxsr, mmx, sse, sse2, sse3, ssse3, sse4.1, sse4.2, popcnt, avx, avx2, aes, clmul, mmxext, 3dnowpref, lzcnt, sse4a, tsc, tscinvbit, tscinv, bmi1

Memory: 4k page, physical 4078008k(216368k free), swap 16660920k(0k free)

vm_info: OpenJDK 64-Bit Server VM (25.152-b02) for windows-amd64 JRE (1.8.0_152-release-1024-b02), built by "builder" with MS VC++ 10.0 (VS2010)

time: Sun Jan 20 19:27:19 2019
elapsed time: 3173 seconds (0d 0h 52m 53s)

